[09:22:08] [main/INFO] (FabricLoader/GameProvider) Loading Minecraft 1.20.4 with Fabric Loader 0.15.9
[09:22:08] [ForkJoinPool-1-worker-1/WARN] (FabricLoader/Metadata) Mod quasar uses the version beta_0007 which isn't compatible with Loader's extended semantic version format (Could not parse version number component 'beta_0007'!), SemVer is recommended for reliably evaluating dependencies and prioritizing newer version
[09:22:08] [main/INFO] (FabricLoader) Loading 57 mods:
	- fabric-api 0.96.11+1.20.4
	- fabric-api-base 0.4.36+78d798af4f
	- fabric-api-lookup-api-v1 1.6.49+82b1bb3e4f
	- fabric-biome-api-v1 13.0.16+78d798af4f
	- fabric-block-api-v1 1.0.16+3e2216cb4f
	- fabric-block-view-api-v2 1.0.4+78d798af4f
	- fabric-blockrenderlayer-v1 1.1.46+78d798af4f
	- fabric-client-tags-api-v1 1.1.7+78d798af4f
	- fabric-command-api-v1 1.2.41+f71b366f4f
	- fabric-command-api-v2 2.2.20+78d798af4f
	- fabric-commands-v0 0.2.58+df3654b34f
	- fabric-containers-v0 0.1.86+df3654b34f
	- fabric-content-registries-v0 5.0.15+78d798af4f
	- fabric-convention-tags-v1 1.5.10+78d798af4f
	- fabric-crash-report-info-v1 0.2.23+78d798af4f
	- fabric-data-attachment-api-v1 1.1.4+b90db5744f
	- fabric-data-generation-api-v1 13.2.4+5c0133444f
	- fabric-dimensions-v1 2.1.61+78d798af4f
	- fabric-entity-events-v1 1.6.1+09fc25014f
	- fabric-events-interaction-v0 0.7.1+389931eb4f
	- fabric-events-lifecycle-v0 0.2.74+df3654b34f
	- fabric-game-rule-api-v1 1.0.46+78d798af4f
	- fabric-gametest-api-v1 1.3.5+85d85a934f
	- fabric-item-api-v1 2.2.0+d6f2b0844f
	- fabric-item-group-api-v1 4.0.26+58f8c0124f
	- fabric-key-binding-api-v1 1.0.41+78d798af4f
	- fabric-keybindings-v0 0.2.39+df3654b34f
	- fabric-lifecycle-events-v1 2.3.0+a67ffb5d4f
	- fabric-loot-api-v2 2.1.9+78d798af4f
	- fabric-message-api-v1 6.0.5+78d798af4f
	- fabric-mining-level-api-v1 2.1.65+78d798af4f
	- fabric-model-loading-api-v1 1.0.8+78d798af4f
	- fabric-models-v0 0.4.7+9386d8a74f
	- fabric-networking-api-v1 3.1.7+2e5ac5484f
	- fabric-object-builder-api-v1 13.0.14+080016e44f
	- fabric-particles-v1 1.1.7+78d798af4f
	- fabric-recipe-api-v1 2.0.20+78d798af4f
	- fabric-registry-sync-v0 4.0.19+58f8c0124f
	- fabric-renderer-api-v1 3.2.4+78d798af4f
	- fabric-renderer-indigo 1.5.4+78d798af4f
	- fabric-renderer-registries-v1 3.2.53+df3654b34f
	- fabric-rendering-data-attachment-v1 0.3.42+73761d2e4f
	- fabric-rendering-fluids-v1 3.1.1+e761c6694f
	- fabric-rendering-v0 1.1.56+df3654b34f
	- fabric-rendering-v1 3.2.0+6fd945a04f
	- fabric-resource-conditions-api-v1 2.3.14+78d798af4f
	- fabric-resource-loader-v0 0.11.20+df798a894f
	- fabric-screen-api-v1 2.0.17+78d798af4f
	- fabric-screen-handler-api-v1 1.3.55+78d798af4f
	- fabric-sound-api-v1 1.0.17+78d798af4f
	- fabric-transfer-api-v1 4.0.11+eb30349a4f
	- fabric-transitive-access-wideners-v1 5.0.14+78d798af4f
	- fabricloader 0.15.9
	- java 17
	- minecraft 1.20.4
	- mixinextras 0.3.5
	- quasar beta_0007
[09:22:09] [main/INFO] (FabricLoader/Mixin) SpongePowered MIXIN Subsystem Version=0.8.5 Source=file:/C:/Users/Ars/.gradle/caches/modules-2/files-2.1/net.fabricmc/sponge-mixin/0.12.5+mixin.0.8.5/8d31fb97c3e0cd7c8dad3441851c523bcfae6d8e/sponge-mixin-0.12.5+mixin.0.8.5.jar Service=Knot/Fabric Env=CLIENT
[09:22:09] [main/INFO] (FabricLoader/Mixin) Loaded Fabric development mappings for mixin remapper!
[09:22:09] [main/INFO] (FabricLoader/Mixin) Compatibility level set to JAVA_17
[09:22:12] [main/INFO] (FabricLoader/MixinExtras|Service) Initializing MixinExtras via com.llamalad7.mixinextras.service.MixinExtrasServiceImpl(version=0.3.5).
[09:22:13] [main/WARN] (PerfDataUtil) Failed to add PDH Counter: \Paging File(_Total)\% Usage, Error code: 0xC0000BB8
[09:22:13] [main/WARN] (PerfCounterQueryHandler) Failed to add counter for PDH counter: \Paging File(_Total)\% Usage
[09:22:13] [main/WARN] (PerfCounterQuery) Disabling further attempts to query Paging File.
[09:22:18] [main/WARN] (WmiQueryHandler) COM exception: Invalid Query: SELECT PERCENTUSAGE FROM Win32_PerfRawData_PerfOS_PagingFile
[09:22:27] [Datafixer Bootstrap/INFO] (Minecraft) 198 Datafixer optimizations took 342 milliseconds
[09:22:32] [Render thread/INFO] (Minecraft) Environment: Environment[sessionHost=https://sessionserver.mojang.com, servicesHost=https://api.minecraftservices.com, name=PROD]
[09:22:32] [Render thread/INFO] (Minecraft) Setting user: Player200
[09:22:32] [Render thread/INFO] (Quasar) Quasar beta_0004 init!
[09:22:32] [Download-2/ERROR] (Minecraft) Failed to fetch user properties
com.mojang.authlib.exceptions.InvalidCredentialsException: Status: 401
	at com.mojang.authlib.exceptions.MinecraftClientHttpException.toAuthenticationException(MinecraftClientHttpException.java:59) ~[authlib-6.0.52.jar:?]
	at com.mojang.authlib.yggdrasil.YggdrasilUserApiService.fetchProperties(YggdrasilUserApiService.java:150) ~[authlib-6.0.52.jar:?]
	at net.minecraft.client.MinecraftClient.method_55608(MinecraftClient.java:467) ~[minecraft-merged-c336240da2-1.20.4-net.fabricmc.yarn.1_20_4.1.20.4+build.3-v2.jar:?]
	at java.util.concurrent.CompletableFuture$AsyncSupply.run(CompletableFuture.java:1768) ~[?:?]
	at java.util.concurrent.ThreadPoolExecutor.runWorker(ThreadPoolExecutor.java:1136) ~[?:?]
	at java.util.concurrent.ThreadPoolExecutor$Worker.run(ThreadPoolExecutor.java:635) ~[?:?]
	at java.lang.Thread.run(Thread.java:842) ~[?:?]
Caused by: com.mojang.authlib.exceptions.MinecraftClientHttpException: Status: 401
	at com.mojang.authlib.minecraft.client.MinecraftClient.readInputStream(MinecraftClient.java:100) ~[authlib-6.0.52.jar:?]
	at com.mojang.authlib.minecraft.client.MinecraftClient.get(MinecraftClient.java:57) ~[authlib-6.0.52.jar:?]
	at com.mojang.authlib.yggdrasil.YggdrasilUserApiService.fetchProperties(YggdrasilUserApiService.java:121) ~[authlib-6.0.52.jar:?]
	... 5 more
[09:22:32] [Render thread/INFO] (fabric-networking-api-v1) Force Packet Serialization is enabled to mimic remote connection on single player, this is the default behaviour on dev env. Add -Dfabric-api.networking.force-packet-serialization=false JVM arg to disable it.
[09:22:33] [Render thread/INFO] (Indigo) [Indigo] Registering Indigo renderer!
[09:22:34] [Render thread/INFO] (Minecraft) Backend library: LWJGL version 3.3.2-snapshot
[09:22:36] [Render thread/INFO] (Minecraft) Reloading ResourceManager: vanilla, fabric, fabric-api, fabric-api-base, fabric-api-lookup-api-v1, fabric-biome-api-v1, fabric-block-api-v1, fabric-block-view-api-v2, fabric-blockrenderlayer-v1, fabric-client-tags-api-v1, fabric-command-api-v1, fabric-command-api-v2, fabric-commands-v0, fabric-containers-v0, fabric-content-registries-v0, fabric-convention-tags-v1, fabric-crash-report-info-v1, fabric-data-attachment-api-v1, fabric-data-generation-api-v1, fabric-dimensions-v1, fabric-entity-events-v1, fabric-events-interaction-v0, fabric-events-lifecycle-v0, fabric-game-rule-api-v1, fabric-gametest-api-v1, fabric-item-api-v1, fabric-item-group-api-v1, fabric-key-binding-api-v1, fabric-keybindings-v0, fabric-lifecycle-events-v1, fabric-loot-api-v2, fabric-message-api-v1, fabric-mining-level-api-v1, fabric-model-loading-api-v1, fabric-models-v0, fabric-networking-api-v1, fabric-object-builder-api-v1, fabric-particles-v1, fabric-recipe-api-v1, fabric-registry-sync-v0, fabric-renderer-api-v1, fabric-renderer-indigo, fabric-renderer-registries-v1, fabric-rendering-data-attachment-v1, fabric-rendering-fluids-v1, fabric-rendering-v0, fabric-rendering-v1, fabric-resource-conditions-api-v1, fabric-resource-loader-v0, fabric-screen-api-v1, fabric-screen-handler-api-v1, fabric-sound-api-v1, fabric-transfer-api-v1, fabric-transitive-access-wideners-v1, fabricloader, quasar
[09:22:36] [Worker-Main-6/INFO] (Minecraft) Found unifont_all_no_pua-15.1.04.hex, loading
[09:22:40] [Render thread/WARN] (Minecraft) Missing sound for event: minecraft:item.goat_horn.play
[09:22:40] [Render thread/WARN] (Minecraft) Missing sound for event: minecraft:entity.goat.screaming.horn_break
[09:22:40] [Render thread/WARN] (Minecraft) Missing sound for event: minecraft:entity.generic.wind_burst
[09:22:40] [Render thread/INFO] (Minecraft) OpenAL initialized on device OpenAL Soft on Speakers (Realtek High Definition Audio)
[09:22:40] [Render thread/INFO] (Minecraft) Sound engine started
[09:22:40] [Render thread/INFO] (Minecraft) Created: 1024x512x0 minecraft:textures/atlas/blocks.png-atlas
[09:22:40] [Render thread/INFO] (Minecraft) Created: 256x256x0 minecraft:textures/atlas/signs.png-atlas
[09:22:40] [Render thread/INFO] (Minecraft) Created: 512x512x0 minecraft:textures/atlas/shield_patterns.png-atlas
[09:22:40] [Render thread/INFO] (Minecraft) Created: 512x512x0 minecraft:textures/atlas/banner_patterns.png-atlas
[09:22:40] [Render thread/INFO] (Minecraft) Created: 1024x1024x0 minecraft:textures/atlas/armor_trims.png-atlas
[09:22:40] [Render thread/INFO] (Minecraft) Created: 128x64x0 minecraft:textures/atlas/decorated_pot.png-atlas
[09:22:40] [Render thread/INFO] (Minecraft) Created: 256x256x0 minecraft:textures/atlas/chest.png-atlas
[09:22:40] [Render thread/INFO] (Minecraft) Created: 512x256x0 minecraft:textures/atlas/shulker_boxes.png-atlas
[09:22:40] [Render thread/INFO] (Minecraft) Created: 512x256x0 minecraft:textures/atlas/beds.png-atlas
[09:22:41] [Render thread/WARN] (Minecraft) Shader rendertype_entity_translucent_emissive could not find sampler named Sampler2 in the specified shader program.
[09:22:41] [Render thread/INFO] (Minecraft) Created: 512x256x0 minecraft:textures/atlas/particles.png-atlas
[09:22:41] [Render thread/INFO] (Minecraft) Created: 256x256x0 minecraft:textures/atlas/paintings.png-atlas
[09:22:41] [Render thread/INFO] (Minecraft) Created: 128x128x0 minecraft:textures/atlas/mob_effects.png-atlas
[09:22:41] [Render thread/INFO] (Minecraft) Created: 1024x512x0 minecraft:textures/atlas/gui.png-atlas
[09:22:42] [IO-Worker-1/INFO] (Minecraft) Could not authorize you against Realms server: Invalid session id
[09:22:42] [IO-Worker-1/ERROR] (Minecraft) Couldn't connect to realms
net.minecraft.client.realms.exception.RealmsServiceException: Realms authentication error with message 'Invalid session id'
	at net.minecraft.client.realms.RealmsClient.execute(RealmsClient.java:447) ~[minecraft-merged-c336240da2-1.20.4-net.fabricmc.yarn.1_20_4.1.20.4+build.3-v2.jar:?]
	at net.minecraft.client.realms.RealmsClient.clientCompatible(RealmsClient.java:232) ~[minecraft-merged-c336240da2-1.20.4-net.fabricmc.yarn.1_20_4.1.20.4+build.3-v2.jar:?]
	at net.minecraft.client.realms.RealmsAvailability.method_52627(RealmsAvailability.java:45) ~[minecraft-merged-c336240da2-1.20.4-net.fabricmc.yarn.1_20_4.1.20.4+build.3-v2.jar:?]
	at java.util.concurrent.CompletableFuture$AsyncSupply.run(CompletableFuture.java:1768) ~[?:?]
	at java.util.concurrent.ThreadPoolExecutor.runWorker(ThreadPoolExecutor.java:1136) ~[?:?]
	at java.util.concurrent.ThreadPoolExecutor$Worker.run(ThreadPoolExecutor.java:635) ~[?:?]
	at java.lang.Thread.run(Thread.java:842) ~[?:?]
[09:22:47] [Render thread/INFO] (Minecraft) Loaded 7 recipes
[09:22:47] [Render thread/INFO] (Minecraft) Loaded 1271 advancements
[09:22:48] [Render thread/INFO] (BiomeModificationImpl) Applied 0 biome modifications to 0 of 64 new biomes in 3.502 ms
[09:22:48] [Server thread/INFO] (Minecraft) Starting integrated minecraft server version 1.20.4
[09:22:48] [Server thread/INFO] (Minecraft) Generating keypair
[09:22:52] [Server thread/INFO] (Minecraft) Preparing start region for dimension minecraft:overworld
[09:22:57] [Render thread/INFO] (Minecraft) Preparing spawn area: 0%
[09:22:57] [Render thread/INFO] (Minecraft) Preparing spawn area: 0%
[09:22:57] [Render thread/INFO] (Minecraft) Preparing spawn area: 0%
[09:22:57] [Render thread/INFO] (Minecraft) Preparing spawn area: 0%
[09:22:57] [Render thread/INFO] (Minecraft) Preparing spawn area: 0%
[09:22:57] [Render thread/INFO] (Minecraft) Preparing spawn area: 0%
[09:22:57] [Render thread/INFO] (Minecraft) Preparing spawn area: 0%
[09:22:57] [Render thread/INFO] (Minecraft) Preparing spawn area: 0%
[09:22:57] [Render thread/INFO] (Minecraft) Preparing spawn area: 0%
[09:22:57] [Render thread/INFO] (Minecraft) Preparing spawn area: 0%
[09:22:57] [Render thread/INFO] (Minecraft) Preparing spawn area: 0%
[09:22:57] [Render thread/INFO] (Minecraft) Preparing spawn area: 0%
[09:22:58] [Render thread/INFO] (Minecraft) Preparing spawn area: 7%
[09:22:58] [Render thread/INFO] (Minecraft) Preparing spawn area: 53%
[09:22:59] [Render thread/INFO] (Minecraft) Time elapsed: 6999 ms
[09:22:59] [Server thread/INFO] (Minecraft) Changing view distance to 2, from 10
[09:22:59] [Server thread/INFO] (Minecraft) Changing simulation distance to 5, from 0
[09:23:00] [Server thread/INFO] (Minecraft) Player200[local:E:9134cdfb] logged in with entity id 209 at (-8.5, 74.0, 23.5)
[09:23:01] [Server thread/INFO] (Minecraft) Player200 joined the game
[09:23:01] [Render thread/INFO] (Minecraft) Loaded 2 advancements
[09:23:04] [Render thread/INFO] (Quasar) [com.qteam.Quasar.api.CG.ContainerCareTaker.Container.ContainerActions.TransferInformation.CategoryInformation@343eb3fc, com.qteam.Quasar.api.CG.ContainerCareTaker.Container.ContainerActions.TransferInformation.CategoryInformation@706036e6, com.qteam.Quasar.api.CG.ContainerCareTaker.Container.ContainerActions.TransferInformation.CategoryInformation@29ba7a59, com.qteam.Quasar.api.CG.ContainerCareTaker.Container.ContainerActions.TransferInformation.CategoryInformation@370814b1, com.qteam.Quasar.api.CG.ContainerCareTaker.Container.ContainerActions.TransferInformation.CategoryInformation@76e8f0ff, com.qteam.Quasar.api.CG.ContainerCareTaker.Container.ContainerActions.TransferInformation.CategoryInformation@7ce3fc2, com.qteam.Quasar.api.CG.ContainerCareTaker.Container.ContainerActions.TransferInformation.CategoryInformation@7ddce5d0, com.qteam.Quasar.api.CG.ContainerCareTaker.Container.ContainerActions.TransferInformation.CategoryInformation@a86db46]
[09:23:40] [Render thread/INFO] (Minecraft) Stopping!
[09:23:40] [Server thread/INFO] (Minecraft) Player200 lost connection: Disconnected
[09:23:40] [Server thread/INFO] (Minecraft) Player200 left the game
[09:23:40] [Server thread/INFO] (Minecraft) Stopping singleplayer server as player logged out
[09:23:40] [Server thread/INFO] (Minecraft) Stopping server
[09:23:40] [Server thread/INFO] (Minecraft) Saving players
[09:23:40] [Server thread/INFO] (Minecraft) Saving worlds
[09:23:43] [Server thread/INFO] (Minecraft) Saving chunks for level 'ServerLevel[New World]'/minecraft:overworld
[09:23:44] [Server thread/INFO] (Minecraft) Saving chunks for level 'ServerLevel[New World]'/minecraft:the_nether
[09:23:44] [Server thread/INFO] (Minecraft) Saving chunks for level 'ServerLevel[New World]'/minecraft:the_end
[09:23:44] [Server thread/INFO] (Minecraft) ThreadedAnvilChunkStorage (New World (1)): All chunks are saved
[09:23:44] [Server thread/INFO] (Minecraft) ThreadedAnvilChunkStorage (DIM-1): All chunks are saved
[09:23:44] [Server thread/INFO] (Minecraft) ThreadedAnvilChunkStorage (DIM1): All chunks are saved
[09:23:44] [Server thread/INFO] (Minecraft) ThreadedAnvilChunkStorage: All dimensions are saved
